[START][2024-11-03 02:32:58] LSP logging initiated
[ERROR][2024-11-03 02:32:58] .../vim/lsp/rpc.lua:734	"rpc"	"/home/ubuntu/.local/share/nvim/mason/bin/pylsp"	"stderr"	'2024-11-03 02:32:58,450 UTC - WARNING - pylsp.workspace - There was an error while trying to initialize progress reporting.Likely progress reporting was used in a synchronous LSP handler, which is not supported by progress reporting yet. To prevent waiting for the timeout you can set `skip_token_initialization=True`. Not every editor will show progress then, but many will.\nTraceback (most recent call last):\n  File "/home/ubuntu/.local/share/nvim/mason/packages/python-lsp-server/venv/lib/python3.11/site-packages/pylsp/workspace.py", line 261, in _progress_begin\n    ).result(timeout=1.0)\n      ^^^^^^^^^^^^^^^^^^^\n  File "/home/ubuntu/projects/text-embed-distill/conda_env/lib/python3.11/concurrent/futures/_base.py", line 458, in result\n    raise TimeoutError()\nTimeoutError\n'
[ERROR][2024-11-03 02:32:59] .../vim/lsp/rpc.lua:734	"rpc"	"/home/ubuntu/.local/share/nvim/mason/bin/pylsp"	"stderr"	"2024-11-03 02:32:59,116 UTC - WARNING - pylsp_jsonrpc.endpoint - Received cancel notification for unknown message id 4\n"
[ERROR][2024-11-03 02:32:59] .../vim/lsp/rpc.lua:734	"rpc"	"/home/ubuntu/.local/share/nvim/mason/bin/pylsp"	"stderr"	"2024-11-03 02:32:59,775 UTC - WARNING - pylsp_jsonrpc.endpoint - Received cancel notification for unknown message id 8\n"
[ERROR][2024-11-03 02:33:02] .../vim/lsp/rpc.lua:734	"rpc"	"/home/ubuntu/.local/share/nvim/mason/bin/pylsp"	"stderr"	"2024-11-03 02:33:02,497 UTC - WARNING - pylsp_jsonrpc.endpoint - Received cancel notification for unknown message id 20\n"
[ERROR][2024-11-03 02:33:02] .../vim/lsp/rpc.lua:734	"rpc"	"/home/ubuntu/.local/share/nvim/mason/bin/pylsp"	"stderr"	"2024-11-03 02:33:02,504 UTC - WARNING - pylsp_jsonrpc.endpoint - Received cancel notification for unknown message id 21\n"
[ERROR][2024-11-03 02:33:02] .../vim/lsp/rpc.lua:734	"rpc"	"/home/ubuntu/.local/share/nvim/mason/bin/pylsp"	"stderr"	"2024-11-03 02:33:02,511 UTC - WARNING - pylsp_jsonrpc.endpoint - Received cancel notification for unknown message id 22\n"
[ERROR][2024-11-03 02:33:02] .../vim/lsp/rpc.lua:734	"rpc"	"/home/ubuntu/.local/share/nvim/mason/bin/pylsp"	"stderr"	"2024-11-03 02:33:02,517 UTC - WARNING - pylsp_jsonrpc.endpoint - Received cancel notification for unknown message id 23\n2024-11-03 02:33:02,524 UTC - WARNING - pylsp_jsonrpc.endpoint - Received cancel notification for unknown message id 24\n2024-11-03 02:33:02,530 UTC - WARNING - pylsp_jsonrpc.endpoint - Received cancel notification for unknown message id 25\n"
[ERROR][2024-11-03 02:33:02] .../vim/lsp/rpc.lua:734	"rpc"	"/home/ubuntu/.local/share/nvim/mason/bin/pylsp"	"stderr"	"2024-11-03 02:33:02,536 UTC - WARNING - pylsp_jsonrpc.endpoint - Received cancel notification for unknown message id 26\n"
[ERROR][2024-11-03 02:33:02] .../vim/lsp/rpc.lua:734	"rpc"	"/home/ubuntu/.local/share/nvim/mason/bin/pylsp"	"stderr"	"2024-11-03 02:33:02,543 UTC - WARNING - pylsp_jsonrpc.endpoint - Received cancel notification for unknown message id 27\n"
[ERROR][2024-11-03 02:33:02] .../vim/lsp/rpc.lua:734	"rpc"	"/home/ubuntu/.local/share/nvim/mason/bin/pylsp"	"stderr"	"2024-11-03 02:33:02,549 UTC - WARNING - pylsp_jsonrpc.endpoint - Received cancel notification for unknown message id 28\n"
[ERROR][2024-11-03 02:33:02] .../vim/lsp/rpc.lua:734	"rpc"	"/home/ubuntu/.local/share/nvim/mason/bin/pylsp"	"stderr"	"2024-11-03 02:33:02,560 UTC - WARNING - pylsp_jsonrpc.endpoint - Received cancel notification for unknown message id 29\n"
[ERROR][2024-11-03 02:33:02] .../vim/lsp/rpc.lua:734	"rpc"	"/home/ubuntu/.local/share/nvim/mason/bin/pylsp"	"stderr"	"2024-11-03 02:33:02,566 UTC - WARNING - pylsp_jsonrpc.endpoint - Received cancel notification for unknown message id 30\n"
[ERROR][2024-11-03 02:33:02] .../vim/lsp/rpc.lua:734	"rpc"	"/home/ubuntu/.local/share/nvim/mason/bin/pylsp"	"stderr"	"2024-11-03 02:33:02,568 UTC - WARNING - pylsp_jsonrpc.endpoint - Received cancel notification for unknown message id 31\n"
[ERROR][2024-11-03 02:33:03] .../vim/lsp/rpc.lua:734	"rpc"	"/home/ubuntu/.local/share/nvim/mason/bin/pylsp"	"stderr"	"2024-11-03 02:33:03,020 UTC - WARNING - pylsp_jsonrpc.endpoint - Received cancel notification for unknown message id 38\n"
[ERROR][2024-11-03 02:33:05] .../vim/lsp/rpc.lua:734	"rpc"	"/home/ubuntu/.local/share/nvim/mason/bin/pylsp"	"stderr"	'2024-11-03 02:33:05,349 UTC - WARNING - pylsp.workspace - There was an error while trying to initialize progress reporting.Likely progress reporting was used in a synchronous LSP handler, which is not supported by progress reporting yet. To prevent waiting for the timeout you can set `skip_token_initialization=True`. Not every editor will show progress then, but many will.\nTraceback (most recent call last):\n  File "/home/ubuntu/.local/share/nvim/mason/packages/python-lsp-server/venv/lib/python3.11/site-packages/pylsp/workspace.py", line 261, in _progress_begin\n    ).result(timeout=1.0)\n      ^^^^^^^^^^^^^^^^^^^\n  File "/home/ubuntu/projects/text-embed-distill/conda_env/lib/python3.11/concurrent/futures/_base.py", line 458, in result\n    raise TimeoutError()\nTimeoutError\n'
[ERROR][2024-11-03 02:33:06] .../vim/lsp/rpc.lua:734	"rpc"	"/home/ubuntu/.local/share/nvim/mason/bin/pylsp"	"stderr"	'2024-11-03 02:33:06,377 UTC - WARNING - pylsp.workspace - There was an error while trying to initialize progress reporting.Likely progress reporting was used in a synchronous LSP handler, which is not supported by progress reporting yet. To prevent waiting for the timeout you can set `skip_token_initialization=True`. Not every editor will show progress then, but many will.\nTraceback (most recent call last):\n  File "/home/ubuntu/.local/share/nvim/mason/packages/python-lsp-server/venv/lib/python3.11/site-packages/pylsp/workspace.py", line 261, in _progress_begin\n    ).result(timeout=1.0)\n      ^^^^^^^^^^^^^^^^^^^\n  File "/home/ubuntu/projects/text-embed-distill/conda_env/lib/python3.11/concurrent/futures/_base.py", line 458, in result\n    raise TimeoutError()\nTimeoutError\n'
[ERROR][2024-11-03 02:33:07] .../vim/lsp/rpc.lua:734	"rpc"	"/home/ubuntu/.local/share/nvim/mason/bin/pylsp"	"stderr"	'2024-11-03 02:33:07,394 UTC - WARNING - pylsp.workspace - There was an error while trying to initialize progress reporting.Likely progress reporting was used in a synchronous LSP handler, which is not supported by progress reporting yet. To prevent waiting for the timeout you can set `skip_token_initialization=True`. Not every editor will show progress then, but many will.\nTraceback (most recent call last):\n  File "/home/ubuntu/.local/share/nvim/mason/packages/python-lsp-server/venv/lib/python3.11/site-packages/pylsp/workspace.py", line 261, in _progress_begin\n    ).result(timeout=1.0)\n      ^^^^^^^^^^^^^^^^^^^\n  File "/home/ubuntu/projects/text-embed-distill/conda_env/lib/python3.11/concurrent/futures/_base.py", line 458, in result\n    raise TimeoutError()\nTimeoutError\n'
[ERROR][2024-11-03 02:33:08] .../vim/lsp/rpc.lua:734	"rpc"	"/home/ubuntu/.local/share/nvim/mason/bin/pylsp"	"stderr"	"2024-11-03 02:33:08,423 UTC - WARNING - pylsp_jsonrpc.endpoint - Received cancel notification for unknown message id 40\n"
[ERROR][2024-11-03 02:33:08] .../vim/lsp/rpc.lua:734	"rpc"	"/home/ubuntu/.local/share/nvim/mason/bin/pylsp"	"stderr"	"2024-11-03 02:33:08,436 UTC - WARNING - pylsp_jsonrpc.endpoint - Received cancel notification for unknown message id 42\n"
[ERROR][2024-11-03 02:33:08] .../vim/lsp/rpc.lua:734	"rpc"	"/home/ubuntu/.local/share/nvim/mason/bin/pylsp"	"stderr"	"2024-11-03 02:33:08,451 UTC - WARNING - pylsp_jsonrpc.endpoint - Received cancel notification for unknown message id 43\n"
[ERROR][2024-11-03 02:33:08] .../vim/lsp/rpc.lua:734	"rpc"	"/home/ubuntu/.local/share/nvim/mason/bin/pylsp"	"stderr"	"2024-11-03 02:33:08,467 UTC - WARNING - pylsp_jsonrpc.endpoint - Received cancel notification for unknown message id 44\n"
[ERROR][2024-11-03 02:33:08] .../vim/lsp/rpc.lua:734	"rpc"	"/home/ubuntu/.local/share/nvim/mason/bin/pylsp"	"stderr"	"2024-11-03 02:33:08,483 UTC - WARNING - pylsp_jsonrpc.endpoint - Received cancel notification for unknown message id 45\n"
[ERROR][2024-11-03 02:33:12] .../vim/lsp/rpc.lua:734	"rpc"	"/home/ubuntu/.local/share/nvim/mason/bin/pylsp"	"stderr"	"2024-11-03 02:33:12,541 UTC - WARNING - pylsp_jsonrpc.endpoint - Received cancel notification for unknown message id 56\n"
[ERROR][2024-11-03 02:33:12] .../vim/lsp/rpc.lua:734	"rpc"	"/home/ubuntu/.local/share/nvim/mason/bin/pylsp"	"stderr"	"2024-11-03 02:33:12,542 UTC - WARNING - pylsp_jsonrpc.endpoint - Received cancel notification for unknown message id 57\n"
[ERROR][2024-11-03 02:33:12] .../vim/lsp/rpc.lua:734	"rpc"	"/home/ubuntu/.local/share/nvim/mason/bin/pylsp"	"stderr"	"2024-11-03 02:33:12,544 UTC - WARNING - pylsp_jsonrpc.endpoint - Received cancel notification for unknown message id 58\n"
[ERROR][2024-11-03 02:33:12] .../vim/lsp/rpc.lua:734	"rpc"	"/home/ubuntu/.local/share/nvim/mason/bin/pylsp"	"stderr"	"2024-11-03 02:33:12,545 UTC - WARNING - pylsp_jsonrpc.endpoint - Received cancel notification for unknown message id 59\n"
[ERROR][2024-11-03 02:33:12] .../vim/lsp/rpc.lua:734	"rpc"	"/home/ubuntu/.local/share/nvim/mason/bin/pylsp"	"stderr"	"2024-11-03 02:33:12,569 UTC - WARNING - pylsp_jsonrpc.endpoint - Received cancel notification for unknown message id 60\n"
[ERROR][2024-11-03 02:33:12] .../vim/lsp/rpc.lua:734	"rpc"	"/home/ubuntu/.local/share/nvim/mason/bin/pylsp"	"stderr"	"2024-11-03 02:33:12,572 UTC - WARNING - pylsp_jsonrpc.endpoint - Received cancel notification for unknown message id 62\n"
[ERROR][2024-11-03 02:33:12] .../vim/lsp/rpc.lua:734	"rpc"	"/home/ubuntu/.local/share/nvim/mason/bin/pylsp"	"stderr"	"2024-11-03 02:33:12,579 UTC - WARNING - pylsp_jsonrpc.endpoint - Received cancel notification for unknown message id 63\n"
[ERROR][2024-11-03 02:33:17] .../vim/lsp/rpc.lua:734	"rpc"	"/home/ubuntu/.local/share/nvim/mason/bin/pylsp"	"stderr"	"2024-11-03 02:33:17,754 UTC - WARNING - pylsp_jsonrpc.endpoint - Received cancel notification for unknown message id 78\n"
[ERROR][2024-11-03 02:33:20] .../vim/lsp/rpc.lua:734	"rpc"	"/home/ubuntu/.local/share/nvim/mason/bin/pylsp"	"stderr"	"2024-11-03 02:33:20,088 UTC - WARNING - pylsp_jsonrpc.endpoint - Received cancel notification for unknown message id 82\n"
[ERROR][2024-11-03 02:33:20] .../vim/lsp/rpc.lua:734	"rpc"	"/home/ubuntu/.local/share/nvim/mason/bin/pylsp"	"stderr"	"2024-11-03 02:33:20,095 UTC - WARNING - pylsp_jsonrpc.endpoint - Received cancel notification for unknown message id 83\n"
[ERROR][2024-11-03 02:33:20] .../vim/lsp/rpc.lua:734	"rpc"	"/home/ubuntu/.local/share/nvim/mason/bin/pylsp"	"stderr"	"2024-11-03 02:33:20,101 UTC - WARNING - pylsp_jsonrpc.endpoint - Received cancel notification for unknown message id 84\n"
[ERROR][2024-11-03 02:33:23] .../vim/lsp/rpc.lua:734	"rpc"	"/home/ubuntu/.local/share/nvim/mason/bin/pylsp"	"stderr"	"2024-11-03 02:33:23,861 UTC - WARNING - pylsp_jsonrpc.endpoint - Received cancel notification for unknown message id 97\n"
[ERROR][2024-11-03 02:33:23] .../vim/lsp/rpc.lua:734	"rpc"	"/home/ubuntu/.local/share/nvim/mason/bin/pylsp"	"stderr"	"2024-11-03 02:33:23,898 UTC - WARNING - pylsp_jsonrpc.endpoint - Received cancel notification for unknown message id 98\n"
[ERROR][2024-11-03 02:33:24] .../vim/lsp/rpc.lua:734	"rpc"	"/home/ubuntu/.local/share/nvim/mason/bin/pylsp"	"stderr"	"2024-11-03 02:33:24,376 UTC - WARNING - pylsp_jsonrpc.endpoint - Received cancel notification for unknown message id 102\n"
[ERROR][2024-11-03 02:33:24] .../vim/lsp/rpc.lua:734	"rpc"	"/home/ubuntu/.local/share/nvim/mason/bin/pylsp"	"stderr"	"2024-11-03 02:33:24,391 UTC - WARNING - pylsp_jsonrpc.endpoint - Received cancel notification for unknown message id 104\n"
[ERROR][2024-11-03 02:33:24] .../vim/lsp/rpc.lua:734	"rpc"	"/home/ubuntu/.local/share/nvim/mason/bin/pylsp"	"stderr"	"2024-11-03 02:33:24,406 UTC - WARNING - pylsp_jsonrpc.endpoint - Received cancel notification for unknown message id 105\n"
[ERROR][2024-11-03 02:33:24] .../vim/lsp/rpc.lua:734	"rpc"	"/home/ubuntu/.local/share/nvim/mason/bin/pylsp"	"stderr"	"2024-11-03 02:33:24,421 UTC - WARNING - pylsp_jsonrpc.endpoint - Received cancel notification for unknown message id 106\n"
[ERROR][2024-11-03 02:33:24] .../vim/lsp/rpc.lua:734	"rpc"	"/home/ubuntu/.local/share/nvim/mason/bin/pylsp"	"stderr"	"2024-11-03 02:33:24,437 UTC - WARNING - pylsp_jsonrpc.endpoint - Received cancel notification for unknown message id 107\n"
[ERROR][2024-11-03 02:33:24] .../vim/lsp/rpc.lua:734	"rpc"	"/home/ubuntu/.local/share/nvim/mason/bin/pylsp"	"stderr"	"2024-11-03 02:33:24,451 UTC - WARNING - pylsp_jsonrpc.endpoint - Received cancel notification for unknown message id 108\n"
[ERROR][2024-11-03 02:33:24] .../vim/lsp/rpc.lua:734	"rpc"	"/home/ubuntu/.local/share/nvim/mason/bin/pylsp"	"stderr"	"2024-11-03 02:33:24,466 UTC - WARNING - pylsp_jsonrpc.endpoint - Received cancel notification for unknown message id 109\n"
[ERROR][2024-11-03 02:33:24] .../vim/lsp/rpc.lua:734	"rpc"	"/home/ubuntu/.local/share/nvim/mason/bin/pylsp"	"stderr"	"2024-11-03 02:33:24,481 UTC - WARNING - pylsp_jsonrpc.endpoint - Received cancel notification for unknown message id 110\n"
[ERROR][2024-11-03 02:33:24] .../vim/lsp/rpc.lua:734	"rpc"	"/home/ubuntu/.local/share/nvim/mason/bin/pylsp"	"stderr"	"2024-11-03 02:33:24,496 UTC - WARNING - pylsp_jsonrpc.endpoint - Received cancel notification for unknown message id 111\n"
[ERROR][2024-11-03 02:33:24] .../vim/lsp/rpc.lua:734	"rpc"	"/home/ubuntu/.local/share/nvim/mason/bin/pylsp"	"stderr"	"2024-11-03 02:33:24,498 UTC - WARNING - pylsp_jsonrpc.endpoint - Received cancel notification for unknown message id 112\n"
[ERROR][2024-11-03 02:33:24] .../vim/lsp/rpc.lua:734	"rpc"	"/home/ubuntu/.local/share/nvim/mason/bin/pylsp"	"stderr"	"2024-11-03 02:33:24,513 UTC - WARNING - pylsp_jsonrpc.endpoint - Received cancel notification for unknown message id 113\n"
[ERROR][2024-11-03 02:33:24] .../vim/lsp/rpc.lua:734	"rpc"	"/home/ubuntu/.local/share/nvim/mason/bin/pylsp"	"stderr"	"2024-11-03 02:33:24,835 UTC - WARNING - pylsp_jsonrpc.endpoint - Received cancel notification for unknown message id 116\n"
[ERROR][2024-11-03 02:33:24] .../vim/lsp/rpc.lua:734	"rpc"	"/home/ubuntu/.local/share/nvim/mason/bin/pylsp"	"stderr"	"2024-11-03 02:33:24,850 UTC - WARNING - pylsp_jsonrpc.endpoint - Received cancel notification for unknown message id 117\n"
[ERROR][2024-11-03 02:33:24] .../vim/lsp/rpc.lua:734	"rpc"	"/home/ubuntu/.local/share/nvim/mason/bin/pylsp"	"stderr"	"2024-11-03 02:33:24,857 UTC - WARNING - pylsp_jsonrpc.endpoint - Received cancel notification for unknown message id 119\n"
[ERROR][2024-11-03 02:33:24] .../vim/lsp/rpc.lua:734	"rpc"	"/home/ubuntu/.local/share/nvim/mason/bin/pylsp"	"stderr"	"2024-11-03 02:33:24,863 UTC - WARNING - pylsp_jsonrpc.endpoint - Received cancel notification for unknown message id 120\n"
[ERROR][2024-11-03 02:33:24] .../vim/lsp/rpc.lua:734	"rpc"	"/home/ubuntu/.local/share/nvim/mason/bin/pylsp"	"stderr"	"2024-11-03 02:33:24,870 UTC - WARNING - pylsp_jsonrpc.endpoint - Received cancel notification for unknown message id 121\n"
[ERROR][2024-11-03 02:33:24] .../vim/lsp/rpc.lua:734	"rpc"	"/home/ubuntu/.local/share/nvim/mason/bin/pylsp"	"stderr"	"2024-11-03 02:33:24,876 UTC - WARNING - pylsp_jsonrpc.endpoint - Received cancel notification for unknown message id 122\n"
[ERROR][2024-11-03 02:33:24] .../vim/lsp/rpc.lua:734	"rpc"	"/home/ubuntu/.local/share/nvim/mason/bin/pylsp"	"stderr"	"2024-11-03 02:33:24,882 UTC - WARNING - pylsp_jsonrpc.endpoint - Received cancel notification for unknown message id 123\n"
[ERROR][2024-11-03 02:33:24] .../vim/lsp/rpc.lua:734	"rpc"	"/home/ubuntu/.local/share/nvim/mason/bin/pylsp"	"stderr"	"2024-11-03 02:33:24,885 UTC - WARNING - pylsp_jsonrpc.endpoint - Received cancel notification for unknown message id 124\n"
[ERROR][2024-11-03 02:33:26] .../vim/lsp/rpc.lua:734	"rpc"	"/home/ubuntu/.local/share/nvim/mason/bin/pylsp"	"stderr"	"2024-11-03 02:33:26,634 UTC - WARNING - pylsp_jsonrpc.endpoint - Received cancel notification for unknown message id 137\n"
[ERROR][2024-11-03 02:33:27] .../vim/lsp/rpc.lua:734	"rpc"	"/home/ubuntu/.local/share/nvim/mason/bin/pylsp"	"stderr"	"2024-11-03 02:33:27,625 UTC - WARNING - pylsp_jsonrpc.endpoint - Received cancel notification for unknown message id 145\n"
[ERROR][2024-11-03 02:33:43] .../vim/lsp/rpc.lua:734	"rpc"	"/home/ubuntu/.local/share/nvim/mason/bin/pylsp"	"stderr"	"2024-11-03 02:33:43,567 UTC - WARNING - pylsp_jsonrpc.endpoint - Received cancel notification for unknown message id 151\n"
[ERROR][2024-11-03 02:35:27] .../vim/lsp/rpc.lua:734	"rpc"	"/home/ubuntu/.local/share/nvim/mason/bin/pylsp"	"stderr"	"2024-11-03 02:35:27,474 UTC - WARNING - pylsp_jsonrpc.endpoint - Received cancel notification for unknown message id 155\n"
[ERROR][2024-11-03 02:36:10] .../vim/lsp/rpc.lua:734	"rpc"	"/home/ubuntu/.local/share/nvim/mason/bin/pylsp"	"stderr"	"2024-11-03 02:36:10,429 UTC - WARNING - pylsp_jsonrpc.endpoint - Received cancel notification for unknown message id 166\n"
[ERROR][2024-11-03 02:36:12] .../vim/lsp/rpc.lua:734	"rpc"	"/home/ubuntu/.local/share/nvim/mason/bin/pylsp"	"stderr"	"2024-11-03 02:36:12,685 UTC - WARNING - pylsp_jsonrpc.endpoint - Received cancel notification for unknown message id 174\n"
[ERROR][2024-11-03 02:36:12] .../vim/lsp/rpc.lua:734	"rpc"	"/home/ubuntu/.local/share/nvim/mason/bin/pylsp"	"stderr"	"2024-11-03 02:36:12,852 UTC - WARNING - pylsp_jsonrpc.endpoint - Received cancel notification for unknown message id 178\n"
[ERROR][2024-11-03 02:36:22] .../vim/lsp/rpc.lua:734	"rpc"	"/home/ubuntu/.local/share/nvim/mason/bin/pylsp"	"stderr"	"2024-11-03 02:36:22,784 UTC - WARNING - pylsp_jsonrpc.endpoint - Received cancel notification for unknown message id 185\n"
[ERROR][2024-11-03 02:36:24] .../vim/lsp/rpc.lua:734	"rpc"	"/home/ubuntu/.local/share/nvim/mason/bin/pylsp"	"stderr"	"2024-11-03 02:36:24,564 UTC - WARNING - pylsp_jsonrpc.endpoint - Received cancel notification for unknown message id 188\n"
[ERROR][2024-11-03 02:37:16] .../vim/lsp/rpc.lua:734	"rpc"	"/home/ubuntu/.local/share/nvim/mason/bin/pylsp"	"stderr"	"2024-11-03 02:37:16,724 UTC - WARNING - pylsp_jsonrpc.endpoint - Received cancel notification for unknown message id 199\n"
[ERROR][2024-11-03 02:37:16] .../vim/lsp/rpc.lua:734	"rpc"	"/home/ubuntu/.local/share/nvim/mason/bin/pylsp"	"stderr"	"2024-11-03 02:37:16,798 UTC - WARNING - pylsp_jsonrpc.endpoint - Received cancel notification for unknown message id 202\n"
[ERROR][2024-11-03 02:37:16] .../vim/lsp/rpc.lua:734	"rpc"	"/home/ubuntu/.local/share/nvim/mason/bin/pylsp"	"stderr"	"2024-11-03 02:37:16,917 UTC - WARNING - pylsp_jsonrpc.endpoint - Received cancel notification for unknown message id 204\n"
[ERROR][2024-11-03 02:37:30] .../vim/lsp/rpc.lua:734	"rpc"	"/home/ubuntu/.local/share/nvim/mason/bin/pylsp"	"stderr"	"2024-11-03 02:37:30,270 UTC - WARNING - pylsp_jsonrpc.endpoint - Received cancel notification for unknown message id 225\n"
[ERROR][2024-11-03 02:37:30] .../vim/lsp/rpc.lua:734	"rpc"	"/home/ubuntu/.local/share/nvim/mason/bin/pylsp"	"stderr"	"2024-11-03 02:37:30,280 UTC - WARNING - pylsp_jsonrpc.endpoint - Received cancel notification for unknown message id 226\n"
[ERROR][2024-11-03 02:37:30] .../vim/lsp/rpc.lua:734	"rpc"	"/home/ubuntu/.local/share/nvim/mason/bin/pylsp"	"stderr"	"2024-11-03 02:37:30,286 UTC - WARNING - pylsp_jsonrpc.endpoint - Received cancel notification for unknown message id 227\n"
[ERROR][2024-11-03 02:37:30] .../vim/lsp/rpc.lua:734	"rpc"	"/home/ubuntu/.local/share/nvim/mason/bin/pylsp"	"stderr"	"2024-11-03 02:37:30,390 UTC - WARNING - pylsp_jsonrpc.endpoint - Received cancel notification for unknown message id 230\n"
[ERROR][2024-11-03 02:37:30] .../vim/lsp/rpc.lua:734	"rpc"	"/home/ubuntu/.local/share/nvim/mason/bin/pylsp"	"stderr"	"2024-11-03 02:37:30,656 UTC - WARNING - pylsp_jsonrpc.endpoint - Received cancel notification for unknown message id 237\n"
[ERROR][2024-11-03 02:37:30] .../vim/lsp/rpc.lua:734	"rpc"	"/home/ubuntu/.local/share/nvim/mason/bin/pylsp"	"stderr"	"2024-11-03 02:37:30,678 UTC - WARNING - pylsp_jsonrpc.endpoint - Received cancel notification for unknown message id 238\n"
[ERROR][2024-11-03 02:37:30] .../vim/lsp/rpc.lua:734	"rpc"	"/home/ubuntu/.local/share/nvim/mason/bin/pylsp"	"stderr"	"2024-11-03 02:37:30,690 UTC - WARNING - pylsp_jsonrpc.endpoint - Received cancel notification for unknown message id 239\n"
[ERROR][2024-11-03 02:37:33] .../vim/lsp/rpc.lua:734	"rpc"	"/home/ubuntu/.local/share/nvim/mason/bin/pylsp"	"stderr"	"2024-11-03 02:37:33,871 UTC - WARNING - pylsp_jsonrpc.endpoint - Received cancel notification for unknown message id 248\n"
[ERROR][2024-11-03 02:37:34] .../vim/lsp/rpc.lua:734	"rpc"	"/home/ubuntu/.local/share/nvim/mason/bin/pylsp"	"stderr"	"2024-11-03 02:37:34,393 UTC - WARNING - pylsp_jsonrpc.endpoint - Received cancel notification for unknown message id 252\n"
[ERROR][2024-11-03 02:37:34] .../vim/lsp/rpc.lua:734	"rpc"	"/home/ubuntu/.local/share/nvim/mason/bin/pylsp"	"stderr"	"2024-11-03 02:37:34,710 UTC - WARNING - pylsp_jsonrpc.endpoint - Received cancel notification for unknown message id 254\n"
[ERROR][2024-11-03 02:37:35] .../vim/lsp/rpc.lua:734	"rpc"	"/home/ubuntu/.local/share/nvim/mason/bin/pylsp"	"stderr"	"2024-11-03 02:37:35,093 UTC - WARNING - pylsp_jsonrpc.endpoint - Received cancel notification for unknown message id 260\n"
[ERROR][2024-11-03 02:37:35] .../vim/lsp/rpc.lua:734	"rpc"	"/home/ubuntu/.local/share/nvim/mason/bin/pylsp"	"stderr"	"2024-11-03 02:37:35,287 UTC - WARNING - pylsp_jsonrpc.endpoint - Received cancel notification for unknown message id 262\n"
[ERROR][2024-11-03 02:37:37] .../vim/lsp/rpc.lua:734	"rpc"	"/home/ubuntu/.local/share/nvim/mason/bin/pylsp"	"stderr"	"2024-11-03 02:37:37,591 UTC - WARNING - pylsp_jsonrpc.endpoint - Received cancel notification for unknown message id 269\n"
[ERROR][2024-11-03 02:37:37] .../vim/lsp/rpc.lua:734	"rpc"	"/home/ubuntu/.local/share/nvim/mason/bin/pylsp"	"stderr"	"2024-11-03 02:37:37,631 UTC - WARNING - pylsp_jsonrpc.endpoint - Received cancel notification for unknown message id 270\n"
[ERROR][2024-11-03 02:38:17] .../vim/lsp/rpc.lua:734	"rpc"	"/home/ubuntu/.local/share/nvim/mason/bin/pylsp"	"stderr"	"2024-11-03 02:38:17,912 UTC - WARNING - pylsp_jsonrpc.endpoint - Received cancel notification for unknown message id 278\n"
[ERROR][2024-11-03 02:38:44] .../vim/lsp/rpc.lua:734	"rpc"	"/home/ubuntu/.local/share/nvim/mason/bin/pylsp"	"stderr"	"2024-11-03 02:38:44,457 UTC - WARNING - pylsp_jsonrpc.endpoint - Received cancel notification for unknown message id 306\n"
[START][2024-11-03 02:53:56] LSP logging initiated
[ERROR][2024-11-03 02:53:56] .../vim/lsp/rpc.lua:734	"rpc"	"/home/ubuntu/.local/share/nvim/mason/bin/pylsp"	"stderr"	"2024-11-03 02:53:56,774 UTC - WARNING - pylsp_jsonrpc.endpoint - Received cancel notification for unknown message id 44\n"
[ERROR][2024-11-03 02:53:56] .../vim/lsp/rpc.lua:734	"rpc"	"/home/ubuntu/.local/share/nvim/mason/bin/pylsp"	"stderr"	"2024-11-03 02:53:56,788 UTC - WARNING - pylsp_jsonrpc.endpoint - Received cancel notification for unknown message id 45\n"
[ERROR][2024-11-03 02:53:56] .../vim/lsp/rpc.lua:734	"rpc"	"/home/ubuntu/.local/share/nvim/mason/bin/pylsp"	"stderr"	"2024-11-03 02:53:56,900 UTC - WARNING - pylsp_jsonrpc.endpoint - Received cancel notification for unknown message id 48\n"
[ERROR][2024-11-03 02:53:56] .../vim/lsp/rpc.lua:734	"rpc"	"/home/ubuntu/.local/share/nvim/mason/bin/pylsp"	"stderr"	"2024-11-03 02:53:56,914 UTC - WARNING - pylsp_jsonrpc.endpoint - Received cancel notification for unknown message id 49\n"
[ERROR][2024-11-03 02:53:57] .../vim/lsp/rpc.lua:734	"rpc"	"/home/ubuntu/.local/share/nvim/mason/bin/pylsp"	"stderr"	"2024-11-03 02:53:57,079 UTC - WARNING - pylsp_jsonrpc.endpoint - Received cancel notification for unknown message id 50\n"
[ERROR][2024-11-03 02:53:57] .../vim/lsp/rpc.lua:734	"rpc"	"/home/ubuntu/.local/share/nvim/mason/bin/pylsp"	"stderr"	"2024-11-03 02:53:57,906 UTC - WARNING - pylsp_jsonrpc.endpoint - Received cancel notification for unknown message id 55\n"
[ERROR][2024-11-03 02:53:57] .../vim/lsp/rpc.lua:734	"rpc"	"/home/ubuntu/.local/share/nvim/mason/bin/pylsp"	"stderr"	"2024-11-03 02:53:57,914 UTC - WARNING - pylsp_jsonrpc.endpoint - Received cancel notification for unknown message id 56\n"
[ERROR][2024-11-03 02:53:58] .../vim/lsp/rpc.lua:734	"rpc"	"/home/ubuntu/.local/share/nvim/mason/bin/pylsp"	"stderr"	"2024-11-03 02:53:58,282 UTC - WARNING - pylsp_jsonrpc.endpoint - Received cancel notification for unknown message id 58\n"
[ERROR][2024-11-03 02:53:58] .../vim/lsp/rpc.lua:734	"rpc"	"/home/ubuntu/.local/share/nvim/mason/bin/pylsp"	"stderr"	"2024-11-03 02:53:58,286 UTC - WARNING - pylsp_jsonrpc.endpoint - Received cancel notification for unknown message id 59\n"
[ERROR][2024-11-03 02:53:58] .../vim/lsp/rpc.lua:734	"rpc"	"/home/ubuntu/.local/share/nvim/mason/bin/pylsp"	"stderr"	"2024-11-03 02:53:58,305 UTC - WARNING - pylsp_jsonrpc.endpoint - Received cancel notification for unknown message id 61\n"
[ERROR][2024-11-03 02:53:58] .../vim/lsp/rpc.lua:734	"rpc"	"/home/ubuntu/.local/share/nvim/mason/bin/pylsp"	"stderr"	"2024-11-03 02:53:58,589 UTC - WARNING - pylsp_jsonrpc.endpoint - Received cancel notification for unknown message id 66\n"
[ERROR][2024-11-03 02:54:14] .../vim/lsp/rpc.lua:734	"rpc"	"/home/ubuntu/.local/share/nvim/mason/bin/pylsp"	"stderr"	"2024-11-03 02:54:14,459 UTC - WARNING - pylsp_jsonrpc.endpoint - Received cancel notification for unknown message id 67\n"
[ERROR][2024-11-03 02:54:14] .../vim/lsp/rpc.lua:734	"rpc"	"/home/ubuntu/.local/share/nvim/mason/bin/pylsp"	"stderr"	"2024-11-03 02:54:14,470 UTC - WARNING - pylsp_jsonrpc.endpoint - Received cancel notification for unknown message id 68\n2024-11-03 02:54:14,470 UTC - WARNING - pylsp_jsonrpc.endpoint - Received cancel notification for unknown message id 69\n"
[ERROR][2024-11-03 02:54:14] .../vim/lsp/rpc.lua:734	"rpc"	"/home/ubuntu/.local/share/nvim/mason/bin/pylsp"	"stderr"	"2024-11-03 02:54:14,478 UTC - WARNING - pylsp_jsonrpc.endpoint - Received cancel notification for unknown message id 70\n"
[ERROR][2024-11-03 02:54:14] .../vim/lsp/rpc.lua:734	"rpc"	"/home/ubuntu/.local/share/nvim/mason/bin/pylsp"	"stderr"	"2024-11-03 02:54:14,479 UTC - WARNING - pylsp_jsonrpc.endpoint - Received cancel notification for unknown message id 71\n"
[ERROR][2024-11-03 02:54:14] .../vim/lsp/rpc.lua:734	"rpc"	"/home/ubuntu/.local/share/nvim/mason/bin/pylsp"	"stderr"	"2024-11-03 02:54:14,484 UTC - WARNING - pylsp_jsonrpc.endpoint - Received cancel notification for unknown message id 72\n"
[ERROR][2024-11-03 02:54:14] .../vim/lsp/rpc.lua:734	"rpc"	"/home/ubuntu/.local/share/nvim/mason/bin/pylsp"	"stderr"	"2024-11-03 02:54:14,540 UTC - WARNING - pylsp_jsonrpc.endpoint - Received cancel notification for unknown message id 73\n2024-11-03 02:54:14,541 UTC - WARNING - pylsp_jsonrpc.endpoint - Received cancel notification for unknown message id 74\n2024-11-03 02:54:14,541 UTC - WARNING - pylsp_jsonrpc.endpoint - Received cancel notification for unknown message id 75\n"
[ERROR][2024-11-03 02:54:14] .../vim/lsp/rpc.lua:734	"rpc"	"/home/ubuntu/.local/share/nvim/mason/bin/pylsp"	"stderr"	"2024-11-03 02:54:14,542 UTC - WARNING - pylsp_jsonrpc.endpoint - Received cancel notification for unknown message id 76\n"
[ERROR][2024-11-03 02:54:14] .../vim/lsp/rpc.lua:734	"rpc"	"/home/ubuntu/.local/share/nvim/mason/bin/pylsp"	"stderr"	"2024-11-03 02:54:14,548 UTC - WARNING - pylsp_jsonrpc.endpoint - Received cancel notification for unknown message id 77\n"
[ERROR][2024-11-03 02:54:14] .../vim/lsp/rpc.lua:734	"rpc"	"/home/ubuntu/.local/share/nvim/mason/bin/pylsp"	"stderr"	"2024-11-03 02:54:14,554 UTC - WARNING - pylsp_jsonrpc.endpoint - Received cancel notification for unknown message id 78\n"
[ERROR][2024-11-03 02:54:14] .../vim/lsp/rpc.lua:734	"rpc"	"/home/ubuntu/.local/share/nvim/mason/bin/pylsp"	"stderr"	"2024-11-03 02:54:14,560 UTC - WARNING - pylsp_jsonrpc.endpoint - Received cancel notification for unknown message id 79\n"
[ERROR][2024-11-03 02:54:14] .../vim/lsp/rpc.lua:734	"rpc"	"/home/ubuntu/.local/share/nvim/mason/bin/pylsp"	"stderr"	"2024-11-03 02:54:14,566 UTC - WARNING - pylsp_jsonrpc.endpoint - Received cancel notification for unknown message id 80\n"
[ERROR][2024-11-03 02:54:14] .../vim/lsp/rpc.lua:734	"rpc"	"/home/ubuntu/.local/share/nvim/mason/bin/pylsp"	"stderr"	"2024-11-03 02:54:14,577 UTC - WARNING - pylsp_jsonrpc.endpoint - Received cancel notification for unknown message id 81\n"
[ERROR][2024-11-03 02:54:14] .../vim/lsp/rpc.lua:734	"rpc"	"/home/ubuntu/.local/share/nvim/mason/bin/pylsp"	"stderr"	"2024-11-03 02:54:14,583 UTC - WARNING - pylsp_jsonrpc.endpoint - Received cancel notification for unknown message id 82\n"
[ERROR][2024-11-03 02:54:14] .../vim/lsp/rpc.lua:734	"rpc"	"/home/ubuntu/.local/share/nvim/mason/bin/pylsp"	"stderr"	"2024-11-03 02:54:14,588 UTC - WARNING - pylsp_jsonrpc.endpoint - Received cancel notification for unknown message id 83\n"
[ERROR][2024-11-03 02:54:14] .../vim/lsp/rpc.lua:734	"rpc"	"/home/ubuntu/.local/share/nvim/mason/bin/pylsp"	"stderr"	"2024-11-03 02:54:14,645 UTC - WARNING - pylsp_jsonrpc.endpoint - Received cancel notification for unknown message id 85\n"
[ERROR][2024-11-03 02:54:14] .../vim/lsp/rpc.lua:734	"rpc"	"/home/ubuntu/.local/share/nvim/mason/bin/pylsp"	"stderr"	"2024-11-03 02:54:14,651 UTC - WARNING - pylsp_jsonrpc.endpoint - Received cancel notification for unknown message id 88\n"
[ERROR][2024-11-03 02:54:14] .../vim/lsp/rpc.lua:734	"rpc"	"/home/ubuntu/.local/share/nvim/mason/bin/pylsp"	"stderr"	"2024-11-03 02:54:14,651 UTC - WARNING - pylsp_jsonrpc.endpoint - Received cancel notification for unknown message id 89\n"
[ERROR][2024-11-03 02:54:14] .../vim/lsp/rpc.lua:734	"rpc"	"/home/ubuntu/.local/share/nvim/mason/bin/pylsp"	"stderr"	"2024-11-03 02:54:14,657 UTC - WARNING - pylsp_jsonrpc.endpoint - Received cancel notification for unknown message id 90\n"
[ERROR][2024-11-03 02:54:14] .../vim/lsp/rpc.lua:734	"rpc"	"/home/ubuntu/.local/share/nvim/mason/bin/pylsp"	"stderr"	"2024-11-03 02:54:14,658 UTC - WARNING - pylsp_jsonrpc.endpoint - Received cancel notification for unknown message id 91\n"
[ERROR][2024-11-03 02:54:14] .../vim/lsp/rpc.lua:734	"rpc"	"/home/ubuntu/.local/share/nvim/mason/bin/pylsp"	"stderr"	"2024-11-03 02:54:14,658 UTC - WARNING - pylsp_jsonrpc.endpoint - Received cancel notification for unknown message id 92\n"
[ERROR][2024-11-03 02:54:14] .../vim/lsp/rpc.lua:734	"rpc"	"/home/ubuntu/.local/share/nvim/mason/bin/pylsp"	"stderr"	"2024-11-03 02:54:14,676 UTC - WARNING - pylsp_jsonrpc.endpoint - Received cancel notification for unknown message id 93\n"
[ERROR][2024-11-03 02:54:14] .../vim/lsp/rpc.lua:734	"rpc"	"/home/ubuntu/.local/share/nvim/mason/bin/pylsp"	"stderr"	"2024-11-03 02:54:14,677 UTC - WARNING - pylsp_jsonrpc.endpoint - Received cancel notification for unknown message id 94\n"
[ERROR][2024-11-03 02:54:14] .../vim/lsp/rpc.lua:734	"rpc"	"/home/ubuntu/.local/share/nvim/mason/bin/pylsp"	"stderr"	"2024-11-03 02:54:14,677 UTC - WARNING - pylsp_jsonrpc.endpoint - Received cancel notification for unknown message id 95\n"
[ERROR][2024-11-03 02:54:14] .../vim/lsp/rpc.lua:734	"rpc"	"/home/ubuntu/.local/share/nvim/mason/bin/pylsp"	"stderr"	"2024-11-03 02:54:14,678 UTC - WARNING - pylsp_jsonrpc.endpoint - Received cancel notification for unknown message id 96\n"
[ERROR][2024-11-03 02:54:14] .../vim/lsp/rpc.lua:734	"rpc"	"/home/ubuntu/.local/share/nvim/mason/bin/pylsp"	"stderr"	"2024-11-03 02:54:14,679 UTC - WARNING - pylsp_jsonrpc.endpoint - Received cancel notification for unknown message id 97\n"
[ERROR][2024-11-03 02:54:14] .../vim/lsp/rpc.lua:734	"rpc"	"/home/ubuntu/.local/share/nvim/mason/bin/pylsp"	"stderr"	"2024-11-03 02:54:14,679 UTC - WARNING - pylsp_jsonrpc.endpoint - Received cancel notification for unknown message id 98\n"
[ERROR][2024-11-03 02:54:14] .../vim/lsp/rpc.lua:734	"rpc"	"/home/ubuntu/.local/share/nvim/mason/bin/pylsp"	"stderr"	"2024-11-03 02:54:14,680 UTC - WARNING - pylsp_jsonrpc.endpoint - Received cancel notification for unknown message id 99\n"
[ERROR][2024-11-03 02:54:14] .../vim/lsp/rpc.lua:734	"rpc"	"/home/ubuntu/.local/share/nvim/mason/bin/pylsp"	"stderr"	"2024-11-03 02:54:14,680 UTC - WARNING - pylsp_jsonrpc.endpoint - Received cancel notification for unknown message id 100\n"
[START][2024-11-03 03:04:59] LSP logging initiated
[ERROR][2024-11-03 03:04:59] .../vim/lsp/rpc.lua:734	"rpc"	"/home/ubuntu/.local/share/nvim/mason/bin/pylsp"	"stderr"	"2024-11-03 03:04:59,903 UTC - WARNING - pylsp_jsonrpc.endpoint - Received cancel notification for unknown message id 4\n"
[ERROR][2024-11-03 03:05:00] .../vim/lsp/rpc.lua:734	"rpc"	"/home/ubuntu/.local/share/nvim/mason/bin/pylsp"	"stderr"	'2024-11-03 03:05:00,958 UTC - WARNING - pylsp.workspace - There was an error while trying to initialize progress reporting.Likely progress reporting was used in a synchronous LSP handler, which is not supported by progress reporting yet. To prevent waiting for the timeout you can set `skip_token_initialization=True`. Not every editor will show progress then, but many will.\nTraceback (most recent call last):\n  File "/home/ubuntu/.local/share/nvim/mason/packages/python-lsp-server/venv/lib/python3.11/site-packages/pylsp/workspace.py", line 261, in _progress_begin\n    ).result(timeout=1.0)\n      ^^^^^^^^^^^^^^^^^^^\n  File "/home/ubuntu/projects/text-embed-distill/conda_env/lib/python3.11/concurrent/futures/_base.py", line 458, in result\n    raise TimeoutError()\nTimeoutError\n'
[ERROR][2024-11-03 03:05:01] .../vim/lsp/rpc.lua:734	"rpc"	"/home/ubuntu/.local/share/nvim/mason/bin/pylsp"	"stderr"	'2024-11-03 03:05:01,995 UTC - WARNING - pylsp.workspace - There was an error while trying to initialize progress reporting.Likely progress reporting was used in a synchronous LSP handler, which is not supported by progress reporting yet. To prevent waiting for the timeout you can set `skip_token_initialization=True`. Not every editor will show progress then, but many will.\nTraceback (most recent call last):\n  File "/home/ubuntu/.local/share/nvim/mason/packages/python-lsp-server/venv/lib/python3.11/site-packages/pylsp/workspace.py", line 261, in _progress_begin\n    ).result(timeout=1.0)\n      ^^^^^^^^^^^^^^^^^^^\n  File "/home/ubuntu/projects/text-embed-distill/conda_env/lib/python3.11/concurrent/futures/_base.py", line 458, in result\n    raise TimeoutError()\nTimeoutError\n'
[ERROR][2024-11-03 03:05:02] .../vim/lsp/rpc.lua:734	"rpc"	"/home/ubuntu/.local/share/nvim/mason/bin/pylsp"	"stderr"	"2024-11-03 03:05:02,953 UTC - WARNING - pylsp_jsonrpc.endpoint - Received cancel notification for unknown message id 5\n"
[ERROR][2024-11-03 03:05:02] .../vim/lsp/rpc.lua:734	"rpc"	"/home/ubuntu/.local/share/nvim/mason/bin/pylsp"	"stderr"	"2024-11-03 03:05:02,954 UTC - WARNING - pylsp_jsonrpc.endpoint - Received cancel notification for unknown message id 6\n"
[ERROR][2024-11-03 03:05:02] .../vim/lsp/rpc.lua:734	"rpc"	"/home/ubuntu/.local/share/nvim/mason/bin/pylsp"	"stderr"	"2024-11-03 03:05:02,955 UTC - WARNING - pylsp_jsonrpc.endpoint - Received cancel notification for unknown message id 7\n"
[ERROR][2024-11-03 03:05:02] .../vim/lsp/rpc.lua:734	"rpc"	"/home/ubuntu/.local/share/nvim/mason/bin/pylsp"	"stderr"	"2024-11-03 03:05:02,966 UTC - WARNING - pylsp_jsonrpc.endpoint - Received cancel notification for unknown message id 8\n"
[ERROR][2024-11-03 03:05:03] .../vim/lsp/rpc.lua:734	"rpc"	"/home/ubuntu/.local/share/nvim/mason/bin/pylsp"	"stderr"	"2024-11-03 03:05:03,227 UTC - WARNING - pylsp_jsonrpc.endpoint - Received cancel notification for unknown message id 11\n"
[ERROR][2024-11-03 03:05:20] .../vim/lsp/rpc.lua:734	"rpc"	"/home/ubuntu/.local/share/nvim/mason/bin/pylsp"	"stderr"	"2024-11-03 03:05:20,808 UTC - WARNING - pylsp_jsonrpc.endpoint - Received cancel notification for unknown message id 17\n"
[START][2024-11-03 03:17:44] LSP logging initiated
[ERROR][2024-11-03 03:17:44] .../vim/lsp/rpc.lua:734	"rpc"	"/home/ubuntu/.local/share/nvim/mason/bin/pylsp"	"stderr"	"2024-11-03 03:17:44,067 UTC - WARNING - pylsp_jsonrpc.endpoint - Received cancel notification for unknown message id 4\n"
[ERROR][2024-11-03 03:17:44] .../vim/lsp/rpc.lua:734	"rpc"	"/home/ubuntu/.local/share/nvim/mason/bin/pylsp"	"stderr"	"2024-11-03 03:17:44,068 UTC - WARNING - pylsp_jsonrpc.endpoint - Received cancel notification for unknown message id 5\n"
[ERROR][2024-11-03 03:17:44] .../vim/lsp/rpc.lua:734	"rpc"	"/home/ubuntu/.local/share/nvim/mason/bin/pylsp"	"stderr"	"2024-11-03 03:17:44,070 UTC - WARNING - pylsp_jsonrpc.endpoint - Received cancel notification for unknown message id 6\n"
[ERROR][2024-11-03 03:17:44] .../vim/lsp/rpc.lua:734	"rpc"	"/home/ubuntu/.local/share/nvim/mason/bin/pylsp"	"stderr"	"2024-11-03 03:17:44,078 UTC - WARNING - pylsp_jsonrpc.endpoint - Received cancel notification for unknown message id 7\n"
[ERROR][2024-11-03 03:17:44] .../vim/lsp/rpc.lua:734	"rpc"	"/home/ubuntu/.local/share/nvim/mason/bin/pylsp"	"stderr"	"2024-11-03 03:17:44,234 UTC - WARNING - pylsp_jsonrpc.endpoint - Received cancel notification for unknown message id 13\n"
[ERROR][2024-11-03 03:17:44] .../vim/lsp/rpc.lua:734	"rpc"	"/home/ubuntu/.local/share/nvim/mason/bin/pylsp"	"stderr"	"2024-11-03 03:17:44,465 UTC - WARNING - pylsp_jsonrpc.endpoint - Received cancel notification for unknown message id 19\n"
[ERROR][2024-11-03 03:17:44] .../vim/lsp/rpc.lua:734	"rpc"	"/home/ubuntu/.local/share/nvim/mason/bin/pylsp"	"stderr"	"2024-11-03 03:17:44,535 UTC - WARNING - pylsp_jsonrpc.endpoint - Received cancel notification for unknown message id 21\n"
[ERROR][2024-11-03 03:17:46] .../vim/lsp/rpc.lua:734	"rpc"	"/home/ubuntu/.local/share/nvim/mason/bin/pylsp"	"stderr"	"2024-11-03 03:17:47,000 UTC - WARNING - pylsp_jsonrpc.endpoint - Received cancel notification for unknown message id 29\n"
[ERROR][2024-11-03 03:17:48] .../vim/lsp/rpc.lua:734	"rpc"	"/home/ubuntu/.local/share/nvim/mason/bin/pylsp"	"stderr"	"2024-11-03 03:17:48,247 UTC - WARNING - pylsp_jsonrpc.endpoint - Received cancel notification for unknown message id 33\n"
[ERROR][2024-11-03 03:17:52] .../vim/lsp/rpc.lua:734	"rpc"	"/home/ubuntu/.local/share/nvim/mason/bin/pylsp"	"stderr"	"2024-11-03 03:17:52,763 UTC - WARNING - pylsp_jsonrpc.endpoint - Received cancel notification for unknown message id 43\n"
[START][2024-11-03 03:20:57] LSP logging initiated
[ERROR][2024-11-03 03:20:57] .../vim/lsp/rpc.lua:734	"rpc"	"/home/ubuntu/.local/share/nvim/mason/bin/pylsp"	"stderr"	"2024-11-03 03:20:57,336 UTC - WARNING - pylsp_jsonrpc.endpoint - Received cancel notification for unknown message id 6\n"
[ERROR][2024-11-03 03:21:03] .../vim/lsp/rpc.lua:734	"rpc"	"/home/ubuntu/.local/share/nvim/mason/bin/pylsp"	"stderr"	"2024-11-03 03:21:03,485 UTC - WARNING - pylsp_jsonrpc.endpoint - Received cancel notification for unknown message id 11\n"
[ERROR][2024-11-03 03:21:03] .../vim/lsp/rpc.lua:734	"rpc"	"/home/ubuntu/.local/share/nvim/mason/bin/pylsp"	"stderr"	"2024-11-03 03:21:03,501 UTC - WARNING - pylsp_jsonrpc.endpoint - Received cancel notification for unknown message id 12\n"
[ERROR][2024-11-03 03:21:03] .../vim/lsp/rpc.lua:734	"rpc"	"/home/ubuntu/.local/share/nvim/mason/bin/pylsp"	"stderr"	"2024-11-03 03:21:03,605 UTC - WARNING - pylsp_jsonrpc.endpoint - Received cancel notification for unknown message id 14\n"
[ERROR][2024-11-03 03:21:03] .../vim/lsp/rpc.lua:734	"rpc"	"/home/ubuntu/.local/share/nvim/mason/bin/pylsp"	"stderr"	"2024-11-03 03:21:03,611 UTC - WARNING - pylsp_jsonrpc.endpoint - Received cancel notification for unknown message id 15\n"
[ERROR][2024-11-03 03:21:03] .../vim/lsp/rpc.lua:734	"rpc"	"/home/ubuntu/.local/share/nvim/mason/bin/pylsp"	"stderr"	"2024-11-03 03:21:03,616 UTC - WARNING - pylsp_jsonrpc.endpoint - Received cancel notification for unknown message id 16\n"
[ERROR][2024-11-03 03:21:03] .../vim/lsp/rpc.lua:734	"rpc"	"/home/ubuntu/.local/share/nvim/mason/bin/pylsp"	"stderr"	"2024-11-03 03:21:03,621 UTC - WARNING - pylsp_jsonrpc.endpoint - Received cancel notification for unknown message id 17\n"
[ERROR][2024-11-03 03:21:03] .../vim/lsp/rpc.lua:734	"rpc"	"/home/ubuntu/.local/share/nvim/mason/bin/pylsp"	"stderr"	"2024-11-03 03:21:03,688 UTC - WARNING - pylsp_jsonrpc.endpoint - Received cancel notification for unknown message id 19\n"
[ERROR][2024-11-03 03:21:03] .../vim/lsp/rpc.lua:734	"rpc"	"/home/ubuntu/.local/share/nvim/mason/bin/pylsp"	"stderr"	"2024-11-03 03:21:03,702 UTC - WARNING - pylsp_jsonrpc.endpoint - Received cancel notification for unknown message id 20\n"
[ERROR][2024-11-03 03:21:06] .../vim/lsp/rpc.lua:734	"rpc"	"/home/ubuntu/.local/share/nvim/mason/bin/pylsp"	"stderr"	"2024-11-03 03:21:06,603 UTC - WARNING - pylsp_jsonrpc.endpoint - Received cancel notification for unknown message id 24\n"
[ERROR][2024-11-03 03:21:41] .../vim/lsp/rpc.lua:734	"rpc"	"/home/ubuntu/.local/share/nvim/mason/bin/pylsp"	"stderr"	"2024-11-03 03:21:41,138 UTC - WARNING - pylsp_jsonrpc.endpoint - Received cancel notification for unknown message id 36\n"
[ERROR][2024-11-03 03:21:41] .../vim/lsp/rpc.lua:734	"rpc"	"/home/ubuntu/.local/share/nvim/mason/bin/pylsp"	"stderr"	"2024-11-03 03:21:41,141 UTC - WARNING - pylsp_jsonrpc.endpoint - Received cancel notification for unknown message id 37\n"
[ERROR][2024-11-03 03:21:41] .../vim/lsp/rpc.lua:734	"rpc"	"/home/ubuntu/.local/share/nvim/mason/bin/pylsp"	"stderr"	"2024-11-03 03:21:41,145 UTC - WARNING - pylsp_jsonrpc.endpoint - Received cancel notification for unknown message id 38\n"
[ERROR][2024-11-03 03:21:41] .../vim/lsp/rpc.lua:734	"rpc"	"/home/ubuntu/.local/share/nvim/mason/bin/pylsp"	"stderr"	"2024-11-03 03:21:41,201 UTC - WARNING - pylsp_jsonrpc.endpoint - Received cancel notification for unknown message id 41\n"
[ERROR][2024-11-03 03:21:41] .../vim/lsp/rpc.lua:734	"rpc"	"/home/ubuntu/.local/share/nvim/mason/bin/pylsp"	"stderr"	"2024-11-03 03:21:41,234 UTC - WARNING - pylsp_jsonrpc.endpoint - Received cancel notification for unknown message id 43\n"
[ERROR][2024-11-03 03:21:41] .../vim/lsp/rpc.lua:734	"rpc"	"/home/ubuntu/.local/share/nvim/mason/bin/pylsp"	"stderr"	"2024-11-03 03:21:41,269 UTC - WARNING - pylsp_jsonrpc.endpoint - Received cancel notification for unknown message id 45\n"
[ERROR][2024-11-03 03:21:41] .../vim/lsp/rpc.lua:734	"rpc"	"/home/ubuntu/.local/share/nvim/mason/bin/pylsp"	"stderr"	"2024-11-03 03:21:41,296 UTC - WARNING - pylsp_jsonrpc.endpoint - Received cancel notification for unknown message id 47\n"
[ERROR][2024-11-03 03:21:41] .../vim/lsp/rpc.lua:734	"rpc"	"/home/ubuntu/.local/share/nvim/mason/bin/pylsp"	"stderr"	"2024-11-03 03:21:41,299 UTC - WARNING - pylsp_jsonrpc.endpoint - Received cancel notification for unknown message id 48\n"
[ERROR][2024-11-03 03:21:41] .../vim/lsp/rpc.lua:734	"rpc"	"/home/ubuntu/.local/share/nvim/mason/bin/pylsp"	"stderr"	"2024-11-03 03:21:41,326 UTC - WARNING - pylsp_jsonrpc.endpoint - Received cancel notification for unknown message id 50\n"
[ERROR][2024-11-03 03:21:41] .../vim/lsp/rpc.lua:734	"rpc"	"/home/ubuntu/.local/share/nvim/mason/bin/pylsp"	"stderr"	"2024-11-03 03:21:41,358 UTC - WARNING - pylsp_jsonrpc.endpoint - Received cancel notification for unknown message id 52\n"
[ERROR][2024-11-03 03:21:41] .../vim/lsp/rpc.lua:734	"rpc"	"/home/ubuntu/.local/share/nvim/mason/bin/pylsp"	"stderr"	"2024-11-03 03:21:41,462 UTC - WARNING - pylsp_jsonrpc.endpoint - Received cancel notification for unknown message id 54\n"
[ERROR][2024-11-03 03:21:41] .../vim/lsp/rpc.lua:734	"rpc"	"/home/ubuntu/.local/share/nvim/mason/bin/pylsp"	"stderr"	"2024-11-03 03:21:41,468 UTC - WARNING - pylsp_jsonrpc.endpoint - Received cancel notification for unknown message id 55\n"
[ERROR][2024-11-03 03:21:41] .../vim/lsp/rpc.lua:734	"rpc"	"/home/ubuntu/.local/share/nvim/mason/bin/pylsp"	"stderr"	"2024-11-03 03:21:41,483 UTC - WARNING - pylsp_jsonrpc.endpoint - Received cancel notification for unknown message id 57\n"
[ERROR][2024-11-03 03:21:41] .../vim/lsp/rpc.lua:734	"rpc"	"/home/ubuntu/.local/share/nvim/mason/bin/pylsp"	"stderr"	"2024-11-03 03:21:41,514 UTC - WARNING - pylsp_jsonrpc.endpoint - Received cancel notification for unknown message id 59\n"
[ERROR][2024-11-03 03:21:41] .../vim/lsp/rpc.lua:734	"rpc"	"/home/ubuntu/.local/share/nvim/mason/bin/pylsp"	"stderr"	"2024-11-03 03:21:41,547 UTC - WARNING - pylsp_jsonrpc.endpoint - Received cancel notification for unknown message id 61\n"
[ERROR][2024-11-03 03:21:41] .../vim/lsp/rpc.lua:734	"rpc"	"/home/ubuntu/.local/share/nvim/mason/bin/pylsp"	"stderr"	"2024-11-03 03:21:41,594 UTC - WARNING - pylsp_jsonrpc.endpoint - Received cancel notification for unknown message id 63\n"
[ERROR][2024-11-03 03:21:41] .../vim/lsp/rpc.lua:734	"rpc"	"/home/ubuntu/.local/share/nvim/mason/bin/pylsp"	"stderr"	"2024-11-03 03:21:41,612 UTC - WARNING - pylsp_jsonrpc.endpoint - Received cancel notification for unknown message id 65\n"
[ERROR][2024-11-03 03:21:41] .../vim/lsp/rpc.lua:734	"rpc"	"/home/ubuntu/.local/share/nvim/mason/bin/pylsp"	"stderr"	"2024-11-03 03:21:41,643 UTC - WARNING - pylsp_jsonrpc.endpoint - Received cancel notification for unknown message id 67\n"
[ERROR][2024-11-03 03:21:41] .../vim/lsp/rpc.lua:734	"rpc"	"/home/ubuntu/.local/share/nvim/mason/bin/pylsp"	"stderr"	"2024-11-03 03:21:41,649 UTC - WARNING - pylsp_jsonrpc.endpoint - Received cancel notification for unknown message id 68\n"
[ERROR][2024-11-03 03:21:41] .../vim/lsp/rpc.lua:734	"rpc"	"/home/ubuntu/.local/share/nvim/mason/bin/pylsp"	"stderr"	"2024-11-03 03:21:41,654 UTC - WARNING - pylsp_jsonrpc.endpoint - Received cancel notification for unknown message id 69\n"
[ERROR][2024-11-03 03:21:41] .../vim/lsp/rpc.lua:734	"rpc"	"/home/ubuntu/.local/share/nvim/mason/bin/pylsp"	"stderr"	"2024-11-03 03:21:41,659 UTC - WARNING - pylsp_jsonrpc.endpoint - Received cancel notification for unknown message id 70\n"
[ERROR][2024-11-03 03:21:41] .../vim/lsp/rpc.lua:734	"rpc"	"/home/ubuntu/.local/share/nvim/mason/bin/pylsp"	"stderr"	"2024-11-03 03:21:41,665 UTC - WARNING - pylsp_jsonrpc.endpoint - Received cancel notification for unknown message id 71\n"
[ERROR][2024-11-03 03:21:41] .../vim/lsp/rpc.lua:734	"rpc"	"/home/ubuntu/.local/share/nvim/mason/bin/pylsp"	"stderr"	"2024-11-03 03:21:41,709 UTC - WARNING - pylsp_jsonrpc.endpoint - Received cancel notification for unknown message id 73\n"
[ERROR][2024-11-03 03:21:41] .../vim/lsp/rpc.lua:734	"rpc"	"/home/ubuntu/.local/share/nvim/mason/bin/pylsp"	"stderr"	"2024-11-03 03:21:41,828 UTC - WARNING - pylsp_jsonrpc.endpoint - Received cancel notification for unknown message id 75\n"
[ERROR][2024-11-03 03:21:41] .../vim/lsp/rpc.lua:734	"rpc"	"/home/ubuntu/.local/share/nvim/mason/bin/pylsp"	"stderr"	"2024-11-03 03:21:41,845 UTC - WARNING - pylsp_jsonrpc.endpoint - Received cancel notification for unknown message id 76\n"
[ERROR][2024-11-03 03:21:41] .../vim/lsp/rpc.lua:734	"rpc"	"/home/ubuntu/.local/share/nvim/mason/bin/pylsp"	"stderr"	"2024-11-03 03:21:41,859 UTC - WARNING - pylsp_jsonrpc.endpoint - Received cancel notification for unknown message id 77\n"
[ERROR][2024-11-03 03:21:41] .../vim/lsp/rpc.lua:734	"rpc"	"/home/ubuntu/.local/share/nvim/mason/bin/pylsp"	"stderr"	"2024-11-03 03:21:41,875 UTC - WARNING - pylsp_jsonrpc.endpoint - Received cancel notification for unknown message id 78\n"
[ERROR][2024-11-03 03:21:41] .../vim/lsp/rpc.lua:734	"rpc"	"/home/ubuntu/.local/share/nvim/mason/bin/pylsp"	"stderr"	"2024-11-03 03:21:41,889 UTC - WARNING - pylsp_jsonrpc.endpoint - Received cancel notification for unknown message id 79\n"
[ERROR][2024-11-03 03:21:41] .../vim/lsp/rpc.lua:734	"rpc"	"/home/ubuntu/.local/share/nvim/mason/bin/pylsp"	"stderr"	"2024-11-03 03:21:41,902 UTC - WARNING - pylsp_jsonrpc.endpoint - Received cancel notification for unknown message id 80\n"
[ERROR][2024-11-03 03:21:41] .../vim/lsp/rpc.lua:734	"rpc"	"/home/ubuntu/.local/share/nvim/mason/bin/pylsp"	"stderr"	"2024-11-03 03:21:41,930 UTC - WARNING - pylsp_jsonrpc.endpoint - Received cancel notification for unknown message id 81\n"
[ERROR][2024-11-03 03:21:41] .../vim/lsp/rpc.lua:734	"rpc"	"/home/ubuntu/.local/share/nvim/mason/bin/pylsp"	"stderr"	"2024-11-03 03:21:41,961 UTC - WARNING - pylsp_jsonrpc.endpoint - Received cancel notification for unknown message id 82\n"
[ERROR][2024-11-03 03:21:41] .../vim/lsp/rpc.lua:734	"rpc"	"/home/ubuntu/.local/share/nvim/mason/bin/pylsp"	"stderr"	"2024-11-03 03:21:41,977 UTC - WARNING - pylsp_jsonrpc.endpoint - Received cancel notification for unknown message id 83\n"
[ERROR][2024-11-03 03:21:41] .../vim/lsp/rpc.lua:734	"rpc"	"/home/ubuntu/.local/share/nvim/mason/bin/pylsp"	"stderr"	"2024-11-03 03:21:41,992 UTC - WARNING - pylsp_jsonrpc.endpoint - Received cancel notification for unknown message id 84\n"
[ERROR][2024-11-03 03:21:42] .../vim/lsp/rpc.lua:734	"rpc"	"/home/ubuntu/.local/share/nvim/mason/bin/pylsp"	"stderr"	"2024-11-03 03:21:42,012 UTC - WARNING - pylsp_jsonrpc.endpoint - Received cancel notification for unknown message id 85\n"
[ERROR][2024-11-03 03:21:42] .../vim/lsp/rpc.lua:734	"rpc"	"/home/ubuntu/.local/share/nvim/mason/bin/pylsp"	"stderr"	"2024-11-03 03:21:42,047 UTC - WARNING - pylsp_jsonrpc.endpoint - Received cancel notification for unknown message id 86\n"
[ERROR][2024-11-03 03:21:42] .../vim/lsp/rpc.lua:734	"rpc"	"/home/ubuntu/.local/share/nvim/mason/bin/pylsp"	"stderr"	"2024-11-03 03:21:42,054 UTC - WARNING - pylsp_jsonrpc.endpoint - Received cancel notification for unknown message id 87\n"
[ERROR][2024-11-03 03:21:42] .../vim/lsp/rpc.lua:734	"rpc"	"/home/ubuntu/.local/share/nvim/mason/bin/pylsp"	"stderr"	"2024-11-03 03:21:42,057 UTC - WARNING - pylsp_jsonrpc.endpoint - Received cancel notification for unknown message id 88\n"
[ERROR][2024-11-03 03:21:42] .../vim/lsp/rpc.lua:734	"rpc"	"/home/ubuntu/.local/share/nvim/mason/bin/pylsp"	"stderr"	"2024-11-03 03:21:42,061 UTC - WARNING - pylsp_jsonrpc.endpoint - Received cancel notification for unknown message id 89\n"
[ERROR][2024-11-03 03:21:42] .../vim/lsp/rpc.lua:734	"rpc"	"/home/ubuntu/.local/share/nvim/mason/bin/pylsp"	"stderr"	"2024-11-03 03:21:42,064 UTC - WARNING - pylsp_jsonrpc.endpoint - Received cancel notification for unknown message id 90\n"
[ERROR][2024-11-03 03:21:42] .../vim/lsp/rpc.lua:734	"rpc"	"/home/ubuntu/.local/share/nvim/mason/bin/pylsp"	"stderr"	"2024-11-03 03:21:42,070 UTC - WARNING - pylsp_jsonrpc.endpoint - Received cancel notification for unknown message id 91\n"
[ERROR][2024-11-03 03:21:42] .../vim/lsp/rpc.lua:734	"rpc"	"/home/ubuntu/.local/share/nvim/mason/bin/pylsp"	"stderr"	"2024-11-03 03:21:42,076 UTC - WARNING - pylsp_jsonrpc.endpoint - Received cancel notification for unknown message id 92\n"
[ERROR][2024-11-03 03:21:42] .../vim/lsp/rpc.lua:734	"rpc"	"/home/ubuntu/.local/share/nvim/mason/bin/pylsp"	"stderr"	"2024-11-03 03:21:42,079 UTC - WARNING - pylsp_jsonrpc.endpoint - Received cancel notification for unknown message id 93\n"
[ERROR][2024-11-03 03:21:42] .../vim/lsp/rpc.lua:734	"rpc"	"/home/ubuntu/.local/share/nvim/mason/bin/pylsp"	"stderr"	"2024-11-03 03:21:42,082 UTC - WARNING - pylsp_jsonrpc.endpoint - Received cancel notification for unknown message id 94\n"
[ERROR][2024-11-03 03:21:42] .../vim/lsp/rpc.lua:734	"rpc"	"/home/ubuntu/.local/share/nvim/mason/bin/pylsp"	"stderr"	"2024-11-03 03:21:42,114 UTC - WARNING - pylsp_jsonrpc.endpoint - Received cancel notification for unknown message id 96\n"
[ERROR][2024-11-03 03:21:42] .../vim/lsp/rpc.lua:734	"rpc"	"/home/ubuntu/.local/share/nvim/mason/bin/pylsp"	"stderr"	"2024-11-03 03:21:42,292 UTC - WARNING - pylsp_jsonrpc.endpoint - Received cancel notification for unknown message id 101\n"
[ERROR][2024-11-03 03:24:03] .../vim/lsp/rpc.lua:734	"rpc"	"/home/ubuntu/.local/share/nvim/mason/bin/pylsp"	"stderr"	"2024-11-03 03:24:03,499 UTC - WARNING - pylsp_jsonrpc.endpoint - Received cancel notification for unknown message id 114\n"
[ERROR][2024-11-03 03:24:03] .../vim/lsp/rpc.lua:734	"rpc"	"/home/ubuntu/.local/share/nvim/mason/bin/pylsp"	"stderr"	"2024-11-03 03:24:03,758 UTC - WARNING - pylsp_jsonrpc.endpoint - Received cancel notification for unknown message id 119\n"
[ERROR][2024-11-03 03:24:03] .../vim/lsp/rpc.lua:734	"rpc"	"/home/ubuntu/.local/share/nvim/mason/bin/pylsp"	"stderr"	"2024-11-03 03:24:03,785 UTC - WARNING - pylsp_jsonrpc.endpoint - Received cancel notification for unknown message id 121\n"
[ERROR][2024-11-03 03:24:04] .../vim/lsp/rpc.lua:734	"rpc"	"/home/ubuntu/.local/share/nvim/mason/bin/pylsp"	"stderr"	"2024-11-03 03:24:04,034 UTC - WARNING - pylsp_jsonrpc.endpoint - Received cancel notification for unknown message id 126\n"
[ERROR][2024-11-03 03:24:04] .../vim/lsp/rpc.lua:734	"rpc"	"/home/ubuntu/.local/share/nvim/mason/bin/pylsp"	"stderr"	"2024-11-03 03:24:04,307 UTC - WARNING - pylsp_jsonrpc.endpoint - Received cancel notification for unknown message id 133\n"
[ERROR][2024-11-03 03:24:04] .../vim/lsp/rpc.lua:734	"rpc"	"/home/ubuntu/.local/share/nvim/mason/bin/pylsp"	"stderr"	"2024-11-03 03:24:04,322 UTC - WARNING - pylsp_jsonrpc.endpoint - Received cancel notification for unknown message id 134\n"
[ERROR][2024-11-03 03:24:04] .../vim/lsp/rpc.lua:734	"rpc"	"/home/ubuntu/.local/share/nvim/mason/bin/pylsp"	"stderr"	"2024-11-03 03:24:04,375 UTC - WARNING - pylsp_jsonrpc.endpoint - Received cancel notification for unknown message id 136\n"
[ERROR][2024-11-03 03:24:04] .../vim/lsp/rpc.lua:734	"rpc"	"/home/ubuntu/.local/share/nvim/mason/bin/pylsp"	"stderr"	"2024-11-03 03:24:04,636 UTC - WARNING - pylsp_jsonrpc.endpoint - Received cancel notification for unknown message id 140\n"
[ERROR][2024-11-03 03:24:04] .../vim/lsp/rpc.lua:734	"rpc"	"/home/ubuntu/.local/share/nvim/mason/bin/pylsp"	"stderr"	"2024-11-03 03:24:04,640 UTC - WARNING - pylsp_jsonrpc.endpoint - Received cancel notification for unknown message id 141\n"
[ERROR][2024-11-03 03:24:04] .../vim/lsp/rpc.lua:734	"rpc"	"/home/ubuntu/.local/share/nvim/mason/bin/pylsp"	"stderr"	"2024-11-03 03:24:04,644 UTC - WARNING - pylsp_jsonrpc.endpoint - Received cancel notification for unknown message id 142\n"
[ERROR][2024-11-03 03:24:04] .../vim/lsp/rpc.lua:734	"rpc"	"/home/ubuntu/.local/share/nvim/mason/bin/pylsp"	"stderr"	"2024-11-03 03:24:04,647 UTC - WARNING - pylsp_jsonrpc.endpoint - Received cancel notification for unknown message id 143\n"
[ERROR][2024-11-03 03:24:04] .../vim/lsp/rpc.lua:734	"rpc"	"/home/ubuntu/.local/share/nvim/mason/bin/pylsp"	"stderr"	"2024-11-03 03:24:04,700 UTC - WARNING - pylsp_jsonrpc.endpoint - Received cancel notification for unknown message id 146\n"
[ERROR][2024-11-03 03:24:04] .../vim/lsp/rpc.lua:734	"rpc"	"/home/ubuntu/.local/share/nvim/mason/bin/pylsp"	"stderr"	"2024-11-03 03:24:04,858 UTC - WARNING - pylsp_jsonrpc.endpoint - Received cancel notification for unknown message id 149\n"
[ERROR][2024-11-03 03:24:04] .../vim/lsp/rpc.lua:734	"rpc"	"/home/ubuntu/.local/share/nvim/mason/bin/pylsp"	"stderr"	"2024-11-03 03:24:04,891 UTC - WARNING - pylsp_jsonrpc.endpoint - Received cancel notification for unknown message id 151\n"
[ERROR][2024-11-03 03:24:04] .../vim/lsp/rpc.lua:734	"rpc"	"/home/ubuntu/.local/share/nvim/mason/bin/pylsp"	"stderr"	"2024-11-03 03:24:04,938 UTC - WARNING - pylsp_jsonrpc.endpoint - Received cancel notification for unknown message id 153\n"
[ERROR][2024-11-03 03:24:04] .../vim/lsp/rpc.lua:734	"rpc"	"/home/ubuntu/.local/share/nvim/mason/bin/pylsp"	"stderr"	"2024-11-03 03:24:05,002 UTC - WARNING - pylsp_jsonrpc.endpoint - Received cancel notification for unknown message id 155\n"
[ERROR][2024-11-03 03:24:05] .../vim/lsp/rpc.lua:734	"rpc"	"/home/ubuntu/.local/share/nvim/mason/bin/pylsp"	"stderr"	"2024-11-03 03:24:05,440 UTC - WARNING - pylsp_jsonrpc.endpoint - Received cancel notification for unknown message id 159\n"
[ERROR][2024-11-03 03:24:05] .../vim/lsp/rpc.lua:734	"rpc"	"/home/ubuntu/.local/share/nvim/mason/bin/pylsp"	"stderr"	"2024-11-03 03:24:05,474 UTC - WARNING - pylsp_jsonrpc.endpoint - Received cancel notification for unknown message id 161\n"
[ERROR][2024-11-03 03:24:07] .../vim/lsp/rpc.lua:734	"rpc"	"/home/ubuntu/.local/share/nvim/mason/bin/pylsp"	"stderr"	"2024-11-03 03:24:07,304 UTC - WARNING - pylsp_jsonrpc.endpoint - Received cancel notification for unknown message id 167\n"
[ERROR][2024-11-03 03:24:07] .../vim/lsp/rpc.lua:734	"rpc"	"/home/ubuntu/.local/share/nvim/mason/bin/pylsp"	"stderr"	"2024-11-03 03:24:07,311 UTC - WARNING - pylsp_jsonrpc.endpoint - Received cancel notification for unknown message id 168\n"
[ERROR][2024-11-03 03:24:07] .../vim/lsp/rpc.lua:734	"rpc"	"/home/ubuntu/.local/share/nvim/mason/bin/pylsp"	"stderr"	"2024-11-03 03:24:07,730 UTC - WARNING - pylsp_jsonrpc.endpoint - Received cancel notification for unknown message id 172\n"
[ERROR][2024-11-03 03:24:08] .../vim/lsp/rpc.lua:734	"rpc"	"/home/ubuntu/.local/share/nvim/mason/bin/pylsp"	"stderr"	"2024-11-03 03:24:08,959 UTC - WARNING - pylsp_jsonrpc.endpoint - Received cancel notification for unknown message id 178\n"
[ERROR][2024-11-03 03:24:09] .../vim/lsp/rpc.lua:734	"rpc"	"/home/ubuntu/.local/share/nvim/mason/bin/pylsp"	"stderr"	"2024-11-03 03:24:09,357 UTC - WARNING - pylsp_jsonrpc.endpoint - Received cancel notification for unknown message id 181\n"
[ERROR][2024-11-03 03:24:10] .../vim/lsp/rpc.lua:734	"rpc"	"/home/ubuntu/.local/share/nvim/mason/bin/pylsp"	"stderr"	"2024-11-03 03:24:10,948 UTC - WARNING - pylsp_jsonrpc.endpoint - Received cancel notification for unknown message id 193\n"
[ERROR][2024-11-03 03:24:10] .../vim/lsp/rpc.lua:734	"rpc"	"/home/ubuntu/.local/share/nvim/mason/bin/pylsp"	"stderr"	"2024-11-03 03:24:10,971 UTC - WARNING - pylsp_jsonrpc.endpoint - Received cancel notification for unknown message id 195\n"
[ERROR][2024-11-03 03:24:11] .../vim/lsp/rpc.lua:734	"rpc"	"/home/ubuntu/.local/share/nvim/mason/bin/pylsp"	"stderr"	"2024-11-03 03:24:11,383 UTC - WARNING - pylsp_jsonrpc.endpoint - Received cancel notification for unknown message id 197\n"
[ERROR][2024-11-03 03:24:11] .../vim/lsp/rpc.lua:734	"rpc"	"/home/ubuntu/.local/share/nvim/mason/bin/pylsp"	"stderr"	"2024-11-03 03:24:11,960 UTC - WARNING - pylsp_jsonrpc.endpoint - Received cancel notification for unknown message id 202\n"
[ERROR][2024-11-03 03:24:11] .../vim/lsp/rpc.lua:734	"rpc"	"/home/ubuntu/.local/share/nvim/mason/bin/pylsp"	"stderr"	"2024-11-03 03:24:11,970 UTC - WARNING - pylsp_jsonrpc.endpoint - Received cancel notification for unknown message id 203\n"
[ERROR][2024-11-03 03:24:58] .../vim/lsp/rpc.lua:734	"rpc"	"/home/ubuntu/.local/share/nvim/mason/bin/pylsp"	"stderr"	"2024-11-03 03:24:58,040 UTC - WARNING - pylsp_jsonrpc.endpoint - Received cancel notification for unknown message id 205\n"
[ERROR][2024-11-03 03:25:13] .../vim/lsp/rpc.lua:734	"rpc"	"/home/ubuntu/.local/share/nvim/mason/bin/pylsp"	"stderr"	"2024-11-03 03:25:13,145 UTC - WARNING - pylsp_jsonrpc.endpoint - Received cancel notification for unknown message id 213\n"
[ERROR][2024-11-03 03:25:24] .../vim/lsp/rpc.lua:734	"rpc"	"/home/ubuntu/.local/share/nvim/mason/bin/pylsp"	"stderr"	"2024-11-03 03:25:24,176 UTC - WARNING - pylsp_jsonrpc.endpoint - Received cancel notification for unknown message id 225\n"
[ERROR][2024-11-03 03:27:47] .../vim/lsp/rpc.lua:734	"rpc"	"/home/ubuntu/.local/share/nvim/mason/bin/pylsp"	"stderr"	"2024-11-03 03:27:47,963 UTC - WARNING - pylsp_jsonrpc.endpoint - Received cancel notification for unknown message id 230\n"
[ERROR][2024-11-03 03:27:51] .../vim/lsp/rpc.lua:734	"rpc"	"/home/ubuntu/.local/share/nvim/mason/bin/pylsp"	"stderr"	"2024-11-03 03:27:51,329 UTC - WARNING - pylsp_jsonrpc.endpoint - Received cancel notification for unknown message id 237\n"
